Arguments: 
  /usr/local/Cellar/node@10/10.16.3/bin/node /usr/local/bin/yarn add -W concurrently

PATH: 
  /usr/local/bin:/usr/bin:/bin:/usr/sbin:/sbin:/usr/local/go/bin:/bin:/Users/vashishtgupta-Air/go:/bin

Yarn version: 
  1.19.1

Node version: 
  10.16.3

Platform: 
  darwin x64

Trace: 
  SyntaxError: /Users/vashishtgupta-Air/Desktop/personal/yarn/package.json: Unexpected token 
   in JSON at position 270
      at JSON.parse (<anonymous>)
      at /usr/local/lib/node_modules/yarn/lib/cli.js:1625:59
      at Generator.next (<anonymous>)
      at step (/usr/local/lib/node_modules/yarn/lib/cli.js:304:30)
      at /usr/local/lib/node_modules/yarn/lib/cli.js:315:13

npm manifest: 
  {
    "private": true,
    "name": "vashisht-monorepo",
    "workspaces": ["packages/*"],
    "scripts": {
      "client": "yarn workspace client start",
      "server": "yarn workspace server start",
      "start": "concurrently --kill-others-on-fail \"yarn server\"  \"yarn client\"
  }
  }

yarn manifest: 
  No manifest

Lockfile: 
  # THIS IS AN AUTOGENERATED FILE. DO NOT EDIT THIS FILE DIRECTLY.
  # yarn lockfile v1
